# JRE version: OpenJDK Runtime Environment (11.0.4+10) (build 11.0.4+10-b520.11)
# Java VM: OpenJDK 64-Bit Server VM (11.0.4+10-b520.11, mixed mode, sharing, tiered, compressed oops, g1 gc, windows-amd64)
Heap:
 garbage-first heap   total 189440K, used 27414K [0x0000000081e00000, 0x0000000100000000)
  region size 1024K, 8 young (8192K), 8 survivors (8192K)
 Metaspace       used 53250K, capacity 54942K, committed 54992K, reserved 1105920K
  class space    used 7356K, capacity 8029K, committed 8064K, reserved 1048576K
GC Heap History (10 events):
Event: 3.025 GC heap before
{Heap before GC invocations=5 (full 0):
 garbage-first heap   total 157696K, used 14569K [0x0000000081e00000, 0x0000000100000000)
  region size 1024K, 9 young (9216K), 6 survivors (6144K)
 Metaspace       used 20285K, capacity 21176K, committed 21296K, reserved 1067008K
  class space    used 2807K, capacity 3171K, committed 3200K, reserved 1048576K
}
Event: 3.035 GC heap after
{Heap after GC invocations=6 (full 0):
 garbage-first heap   total 157696K, used 13057K [0x0000000081e00000, 0x0000000100000000)
  region size 1024K, 6 young (6144K), 6 survivors (6144K)
 Metaspace       used 20285K, capacity 21176K, committed 21296K, reserved 1067008K
  class space    used 2807K, capacity 3171K, committed 3200K, reserved 1048576K
}
Event: 3.662 GC heap before
{Heap before GC invocations=7 (full 0):
 garbage-first heap   total 157696K, used 89857K [0x0000000081e00000, 0x0000000100000000)
  region size 1024K, 82 young (83968K), 6 survivors (6144K)
 Metaspace       used 25726K, capacity 26881K, committed 27056K, reserved 1073152K
  class space    used 3553K, capacity 4001K, committed 4096K, reserved 1048576K
}
Event: 3.675 GC heap after
{Heap after GC invocations=8 (full 0):
 garbage-first heap   total 157696K, used 15868K [0x0000000081e00000, 0x0000000100000000)
  region size 1024K, 9 young (9216K), 9 survivors (9216K)
 Metaspace       used 25726K, capacity 26881K, committed 27056K, reserved 1073152K
  class space    used 3553K, capacity 4001K, committed 4096K, reserved 1048576K
}
Event: 4.321 GC heap before
{Heap before GC invocations=8 (full 0):
 garbage-first heap   total 157696K, used 77308K [0x0000000081e00000, 0x0000000100000000)
  region size 1024K, 71 young (72704K), 9 survivors (9216K)
 Metaspace       used 34525K, capacity 35738K, committed 35920K, reserved 1079296K
  class space    used 4796K, capacity 5287K, committed 5376K, reserved 1048576K
}
Event: 4.335 GC heap after
{Heap after GC invocations=9 (full 0):
 garbage-first heap   total 157696K, used 19524K [0x0000000081e00000, 0x0000000100000000)
  region size 1024K, 9 young (9216K), 9 survivors (9216K)
 Metaspace       used 34525K, capacity 35738K, committed 35920K, reserved 1079296K
  class space    used 4796K, capacity 5287K, committed 5376K, reserved 1048576K
}
Event: 5.274 GC heap before
{Heap before GC invocations=10 (full 0):
 garbage-first heap   total 157696K, used 103492K [0x0000000081e00000, 0x0000000100000000)
  region size 1024K, 91 young (93184K), 9 survivors (9216K)
 Metaspace       used 45432K, capacity 46944K, committed 47056K, reserved 1089536K
  class space    used 6375K, capacity 6989K, committed 7040K, reserved 1048576K
}
Event: 5.287 GC heap after
{Heap after GC invocations=11 (full 0):
 garbage-first heap   total 189440K, used 22928K [0x0000000081e00000, 0x0000000100000000)
  region size 1024K, 8 young (8192K), 8 survivors (8192K)
 Metaspace       used 45432K, capacity 46944K, committed 47056K, reserved 1089536K
  class space    used 6375K, capacity 6989K, committed 7040K, reserved 1048576K
}
Event: 9.235 GC heap before
{Heap before GC invocations=11 (full 0):
 garbage-first heap   total 189440K, used 95632K [0x0000000081e00000, 0x0000000100000000)
  region size 1024K, 81 young (82944K), 8 survivors (8192K)
 Metaspace       used 53250K, capacity 54942K, committed 54992K, reserved 1103872K
  class space    used 7356K, capacity 8029K, committed 8064K, reserved 1048576K
}
Event: 9.251 GC heap after
{Heap after GC invocations=12 (full 0):
 garbage-first heap   total 189440K, used 27414K [0x0000000081e00000, 0x0000000100000000)
  region size 1024K, 8 young (8192K), 8 survivors (8192K)
 Metaspace       used 53250K, capacity 54942K, committed 54992K, reserved 1103872K
  class space    used 7356K, capacity 8029K, committed 8064K, reserved 1048576K
}

