# JRE version: OpenJDK Runtime Environment (11.0.4+10) (build 11.0.4+10-b520.11)
# Java VM: OpenJDK 64-Bit Server VM (11.0.4+10-b520.11, mixed mode, sharing, tiered, compressed oops, g1 gc, windows-amd64)
Heap:
 garbage-first heap   total 157696K, used 13064K [0x0000000081e00000, 0x0000000100000000)
  region size 1024K, 5 young (5120K), 5 survivors (5120K)
 Metaspace       used 20371K, capacity 21195K, committed 21296K, reserved 1067008K
  class space    used 2827K, capacity 3177K, committed 3200K, reserved 1048576K
GC Heap History (10 events):
Event: 1.249 GC heap after
{Heap after GC invocations=1 (full 0):
 garbage-first heap   total 131072K, used 7371K [0x0000000081e00000, 0x0000000100000000)
  region size 1024K, 2 young (2048K), 2 survivors (2048K)
 Metaspace       used 4895K, capacity 5427K, committed 5632K, reserved 1056768K
  class space    used 608K, capacity 733K, committed 768K, reserved 1048576K
}
Event: 1.461 GC heap before
{Heap before GC invocations=1 (full 0):
 garbage-first heap   total 131072K, used 15563K [0x0000000081e00000, 0x0000000100000000)
  region size 1024K, 10 young (10240K), 2 survivors (2048K)
 Metaspace       used 6337K, capacity 6691K, committed 6912K, reserved 1056768K
  class space    used 789K, capacity 919K, committed 1024K, reserved 1048576K
}
Event: 1.465 GC heap after
{Heap after GC invocations=2 (full 0):
 garbage-first heap   total 131072K, used 8051K [0x0000000081e00000, 0x0000000100000000)
  region size 1024K, 1 young (1024K), 1 survivors (1024K)
 Metaspace       used 6337K, capacity 6691K, committed 6912K, reserved 1056768K
  class space    used 789K, capacity 919K, committed 1024K, reserved 1048576K
}
Event: 1.830 GC heap before
{Heap before GC invocations=2 (full 0):
 garbage-first heap   total 131072K, used 36723K [0x0000000081e00000, 0x0000000100000000)
  region size 1024K, 29 young (29696K), 1 survivors (1024K)
 Metaspace       used 11593K, capacity 12306K, committed 12416K, reserved 1060864K
  class space    used 1643K, capacity 1919K, committed 1920K, reserved 1048576K
}
Event: 1.835 GC heap after
{Heap after GC invocations=3 (full 0):
 garbage-first heap   total 131072K, used 9753K [0x0000000081e00000, 0x0000000100000000)
  region size 1024K, 3 young (3072K), 3 survivors (3072K)
 Metaspace       used 11593K, capacity 12306K, committed 12416K, reserved 1060864K
  class space    used 1643K, capacity 1919K, committed 1920K, reserved 1048576K
}
Event: 2.528 GC heap before
{Heap before GC invocations=3 (full 0):
 garbage-first heap   total 131072K, used 49689K [0x0000000081e00000, 0x0000000100000000)
  region size 1024K, 42 young (43008K), 3 survivors (3072K)
 Metaspace       used 17657K, capacity 18450K, committed 18688K, reserved 1064960K
  class space    used 2457K, capacity 2780K, committed 2816K, reserved 1048576K
}
Event: 2.534 GC heap after
{Heap after GC invocations=4 (full 0):
 garbage-first heap   total 131072K, used 11468K [0x0000000081e00000, 0x0000000100000000)
  region size 1024K, 5 young (5120K), 5 survivors (5120K)
 Metaspace       used 17657K, capacity 18450K, committed 18688K, reserved 1064960K
  class space    used 2457K, capacity 2780K, committed 2816K, reserved 1048576K
}
Event: 2.897 GC heap before
{Heap before GC invocations=4 (full 0):
 garbage-first heap   total 131072K, used 66764K [0x0000000081e00000, 0x0000000100000000)
  region size 1024K, 60 young (61440K), 5 survivors (5120K)
 Metaspace       used 18918K, capacity 19752K, committed 19968K, reserved 1067008K
  class space    used 2625K, capacity 2976K, committed 3072K, reserved 1048576K
}
Event: 2.905 GC heap after
{Heap after GC invocations=5 (full 0):
 garbage-first heap   total 131072K, used 12277K [0x0000000081e00000, 0x0000000100000000)
  region size 1024K, 5 young (5120K), 5 survivors (5120K)
 Metaspace       used 18918K, capacity 19752K, committed 19968K, reserved 1067008K
  class space    used 2625K, capacity 2976K, committed 3072K, reserved 1048576K
}
Event: 3.115 GC heap before
{Heap before GC invocations=5 (full 0):
 garbage-first heap   total 131072K, used 24565K [0x0000000081e00000, 0x0000000100000000)
  region size 1024K, 18 young (18432K), 5 survivors (5120K)
 Metaspace       used 20371K, capacity 21195K, committed 21296K, reserved 1067008K
  class space    used 2827K, capacity 3177K, committed 3200K, reserved 1048576K
}

